2019-03-24 02:10:06,240 [myid:] - INFO  [main:QuorumPeerConfig@136] - Reading configuration from: /Users/brucechenchen/Desktop/zookeeper-3.4.13/bin/../conf/zoo.cfg
2019-03-24 02:10:06,244 [myid:] - INFO  [main:DatadirCleanupManager@78] - autopurge.snapRetainCount set to 3
2019-03-24 02:10:06,244 [myid:] - INFO  [main:DatadirCleanupManager@79] - autopurge.purgeInterval set to 0
2019-03-24 02:10:06,245 [myid:] - INFO  [main:DatadirCleanupManager@101] - Purge task is not scheduled.
2019-03-24 02:10:06,245 [myid:] - WARN  [main:QuorumPeerMain@116] - Either no config or no quorum defined in config, running  in standalone mode
2019-03-24 02:10:06,256 [myid:] - INFO  [main:QuorumPeerConfig@136] - Reading configuration from: /Users/brucechenchen/Desktop/zookeeper-3.4.13/bin/../conf/zoo.cfg
2019-03-24 02:10:06,256 [myid:] - INFO  [main:ZooKeeperServerMain@98] - Starting server
2019-03-24 02:10:06,269 [myid:] - INFO  [main:Environment@100] - Server environment:zookeeper.version=3.4.13-2d71af4dbe22557fda74f9a9b4309b15a7487f03, built on 06/29/2018 04:05 GMT
2019-03-24 02:10:06,269 [myid:] - INFO  [main:Environment@100] - Server environment:host.name=192.168.0.13
2019-03-24 02:10:06,270 [myid:] - INFO  [main:Environment@100] - Server environment:java.version=1.8.0_161
2019-03-24 02:10:06,270 [myid:] - INFO  [main:Environment@100] - Server environment:java.vendor=Oracle Corporation
2019-03-24 02:10:06,270 [myid:] - INFO  [main:Environment@100] - Server environment:java.home=/Library/Java/JavaVirtualMachines/jdk1.8.0_161.jdk/Contents/Home/jre
2019-03-24 02:10:06,270 [myid:] - INFO  [main:Environment@100] - Server environment:java.class.path=/Users/brucechenchen/Desktop/zookeeper-3.4.13/bin/../build/classes:/Users/brucechenchen/Desktop/zookeeper-3.4.13/bin/../build/lib/*.jar:/Users/brucechenchen/Desktop/zookeeper-3.4.13/bin/../lib/slf4j-log4j12-1.7.25.jar:/Users/brucechenchen/Desktop/zookeeper-3.4.13/bin/../lib/slf4j-api-1.7.25.jar:/Users/brucechenchen/Desktop/zookeeper-3.4.13/bin/../lib/netty-3.10.6.Final.jar:/Users/brucechenchen/Desktop/zookeeper-3.4.13/bin/../lib/log4j-1.2.17.jar:/Users/brucechenchen/Desktop/zookeeper-3.4.13/bin/../lib/jline-0.9.94.jar:/Users/brucechenchen/Desktop/zookeeper-3.4.13/bin/../lib/audience-annotations-0.5.0.jar:/Users/brucechenchen/Desktop/zookeeper-3.4.13/bin/../zookeeper-3.4.13.jar:/Users/brucechenchen/Desktop/zookeeper-3.4.13/bin/../src/java/lib/*.jar:/Users/brucechenchen/Desktop/zookeeper-3.4.13/bin/../conf:
2019-03-24 02:10:06,270 [myid:] - INFO  [main:Environment@100] - Server environment:java.library.path=/Users/brucechenchen/Library/Java/Extensions:/Library/Java/Extensions:/Network/Library/Java/Extensions:/System/Library/Java/Extensions:/usr/lib/java:.
2019-03-24 02:10:06,270 [myid:] - INFO  [main:Environment@100] - Server environment:java.io.tmpdir=/var/folders/m7/nv00z0gx4n7659h51xycwn2m0000gn/T/
2019-03-24 02:10:06,270 [myid:] - INFO  [main:Environment@100] - Server environment:java.compiler=<NA>
2019-03-24 02:10:06,272 [myid:] - INFO  [main:Environment@100] - Server environment:os.name=Mac OS X
2019-03-24 02:10:06,272 [myid:] - INFO  [main:Environment@100] - Server environment:os.arch=x86_64
2019-03-24 02:10:06,272 [myid:] - INFO  [main:Environment@100] - Server environment:os.version=10.14.3
2019-03-24 02:10:06,272 [myid:] - INFO  [main:Environment@100] - Server environment:user.name=brucechenchen
2019-03-24 02:10:06,273 [myid:] - INFO  [main:Environment@100] - Server environment:user.home=/Users/brucechenchen
2019-03-24 02:10:06,273 [myid:] - INFO  [main:Environment@100] - Server environment:user.dir=/Users/brucechenchen/github/ECE419_project
2019-03-24 02:10:06,278 [myid:] - ERROR [main:ZooKeeperServerMain@66] - Unexpected exception, exiting abnormally
java.io.IOException: Unable to create data directory data/version-2
	at org.apache.zookeeper.server.persistence.FileTxnSnapLog.<init>(FileTxnSnapLog.java:87)
	at org.apache.zookeeper.server.ZooKeeperServerMain.runFromConfig(ZooKeeperServerMain.java:112)
	at org.apache.zookeeper.server.ZooKeeperServerMain.initializeAndRun(ZooKeeperServerMain.java:89)
	at org.apache.zookeeper.server.ZooKeeperServerMain.main(ZooKeeperServerMain.java:55)
	at org.apache.zookeeper.server.quorum.QuorumPeerMain.initializeAndRun(QuorumPeerMain.java:119)
	at org.apache.zookeeper.server.quorum.QuorumPeerMain.main(QuorumPeerMain.java:81)
