2019-01-26 20:34:15,759 INFO  [main] root: connection established
2019-01-26 20:34:41,618 INFO  [main] root: GET request to server. Key: [3~
2019-01-26 20:34:41,647 INFO  [main] root: Send message:	 '{"status":"GET","key":"\u001b[3~","value":""}'
2019-01-26 20:34:41,683 INFO  [main] root: Receive message:	 '{"status":"GET_ERROR","key":"\u001b[3~"}'
2019-01-26 20:34:41,685 WARN  [main] root: GET request failed!
java.lang.NullPointerException
	at app_kvClient.KVClient.printKVMessage(KVClient.java:251)
	at app_kvClient.KVClient.handleCommand(KVClient.java:99)
	at app_kvClient.KVClient.run(KVClient.java:47)
	at app_kvClient.KVClient.main(KVClient.java:270)
2019-01-26 20:34:46,474 INFO  [main] root: PUT request to server. Key: key , Value: value
2019-01-26 20:34:46,474 INFO  [main] root: Send message:	 '{"status":"PUT","key":"key","value":"value"}'
2019-01-26 20:34:46,477 INFO  [main] root: Receive message:	 '{"status":"PUT_SUCCESS","key":"key","value":"value"}'
2019-01-26 20:35:02,042 INFO  [main] root: GET request to server. Key: key
2019-01-26 20:35:02,044 INFO  [main] root: Send message:	 '{"status":"GET","key":"key","value":""}'
2019-01-26 20:35:02,046 INFO  [main] root: Receive message:	 '{"status":"GET_SUCCESS","key":"key","value":"value"}'
2019-01-26 20:37:53,728 INFO  [main] root: try to close connection ...
2019-01-26 20:37:53,728 INFO  [main] root: tearing down connection ...
2019-01-26 20:37:53,728 INFO  [main] root: connection closed
2019-01-26 20:38:48,604 INFO  [main] root: connection established
2019-01-26 20:39:04,130 INFO  [main] root: try to close connection ...
2019-01-26 20:39:04,130 INFO  [main] root: tearing down connection ...
2019-01-26 20:39:04,130 INFO  [main] root: connection closed
2019-01-26 20:51:33,409 WARN  [main] root: Connection is already established!
java.lang.IllegalArgumentException: port out of range:3849348
	at java.net.InetSocketAddress.checkPort(InetSocketAddress.java:143)
	at java.net.InetSocketAddress.<init>(InetSocketAddress.java:224)
	at java.net.Socket.<init>(Socket.java:211)
	at client.KVStore.connect(KVStore.java:41)
	at app_kvClient.KVClient.newConnection(KVClient.java:167)
	at app_kvClient.KVClient.handleCommand(KVClient.java:65)
	at app_kvClient.KVClient.run(KVClient.java:47)
	at app_kvClient.KVClient.main(KVClient.java:270)
2019-01-26 20:51:33,411 INFO  [main] root: try to close connection ...
2019-01-26 20:51:33,411 INFO  [main] root: tearing down connection ...
2019-01-26 20:52:38,797 WARN  [main] root: Could not establish connection!
java.net.ConnectException: Connection refused (Connection refused)
	at java.net.PlainSocketImpl.socketConnect(Native Method)
	at java.net.AbstractPlainSocketImpl.doConnect(AbstractPlainSocketImpl.java:350)
	at java.net.AbstractPlainSocketImpl.connectToAddress(AbstractPlainSocketImpl.java:206)
	at java.net.AbstractPlainSocketImpl.connect(AbstractPlainSocketImpl.java:188)
	at java.net.SocksSocketImpl.connect(SocksSocketImpl.java:392)
	at java.net.Socket.connect(Socket.java:589)
	at java.net.Socket.connect(Socket.java:538)
	at java.net.Socket.<init>(Socket.java:434)
	at java.net.Socket.<init>(Socket.java:211)
	at client.KVStore.connect(KVStore.java:41)
	at app_kvClient.KVClient.newConnection(KVClient.java:167)
	at app_kvClient.KVClient.handleCommand(KVClient.java:65)
	at app_kvClient.KVClient.run(KVClient.java:47)
	at app_kvClient.KVClient.main(KVClient.java:270)
2019-01-26 20:52:38,799 INFO  [main] root: try to close connection ...
2019-01-26 20:52:38,799 INFO  [main] root: tearing down connection ...
2019-01-26 21:23:51,893 INFO  [main] root: connection established
2019-01-26 21:24:06,246 INFO  [main] root: PUT request to server. Key: key1 , Value: bvalue1
2019-01-26 21:24:06,278 INFO  [main] root: Send message:	 '{"status":"PUT","key":"key1","value":"bvalue1"}'
2019-01-26 21:24:15,662 INFO  [main] root: PUT request to server. Key: key1 , Value: bvalue2
2019-01-26 21:24:15,663 INFO  [main] root: Send message:	 '{"status":"PUT","key":"key1","value":"bvalue2"}'
2019-01-26 22:30:43,705 INFO  [main] root: connection established
2019-01-26 22:30:58,467 INFO  [main] root: PUT request to server. Key: hfelHGELHGO;Ghbno;rhgHGEVGEHGFEjjgEHG , Value: HGJKDFAL
2019-01-26 22:30:58,498 INFO  [main] root: Send message:	 '{"status":"PUT","key":"hfelHGELHGO;Ghbno;rhgHGEVGEHGFEjjgEHG","value":"HGJKDFAL"}'
2019-01-26 22:32:02,108 INFO  [main] root: PUT request to server. Key: hello , Value: 
2019-01-26 22:32:02,110 INFO  [main] root: Send message:	 '{"status":"PUT","key":"hello","value":""}'
